<?xml version="1.0" encoding="UTF-8"?>
<!-- Generated by org.testng.reporters.JUnitXMLReporter -->
<testsuite ignored="0" hostname="LAPTOP-CR0TLABH" failures="0" tests="3" name="Test" time="6.03" errors="0" timestamp="2023-06-07T11:25:14 IST">
  <testcase classname="testClassPackage.Post_TC_1" name="execute" time="3.266"/>
  <testcase classname="testClassPackage.Post_TC_2" name="execute" time="1.306"/>
  <testcase classname="testClassPackage.Post_TC_3" name="execute" time="1.325"/>
</testsuite> <!-- Test -->
